[debug] [2023-08-14T09:42:09.655Z] ----------------------------------------------------------------------
[debug] [2023-08-14T09:42:09.661Z] Command:       C:\Program Files\nodejs\node.exe C:\Users\lenovo\AppData\Roaming\npm\node_modules\firebase-tools\lib\bin\firebase.js init
[debug] [2023-08-14T09:42:09.662Z] CLI Version:   12.4.7
[debug] [2023-08-14T09:42:09.663Z] Platform:      win32
[debug] [2023-08-14T09:42:09.664Z] Node Version:  v18.16.1
[debug] [2023-08-14T09:42:09.666Z] Time:          Mon Aug 14 2023 15:12:09 GMT+0530 (India Standard Time)
[debug] [2023-08-14T09:42:09.667Z] ----------------------------------------------------------------------
[debug] 
[debug] [2023-08-14T09:42:09.682Z] > command requires scopes: ["email","openid","https://www.googleapis.com/auth/cloudplatformprojects.readonly","https://www.googleapis.com/auth/firebase","https://www.googleapis.com/auth/cloud-platform"]
[debug] [2023-08-14T09:42:09.683Z] > authorizing via signed-in user (ak9565191@gmail.com)
[info] 
     ######## #### ########  ######## ########     ###     ######  ########
     ##        ##  ##     ## ##       ##     ##  ##   ##  ##       ##
     ######    ##  ########  ######   ########  #########  ######  ######
     ##        ##  ##    ##  ##       ##     ## ##     ##       ## ##
     ##       #### ##     ## ######## ########  ##     ##  ######  ########

You're about to initialize a Firebase project in this directory:

  C:\Users\lenovo\Desktop\cyber-drops

[info] 
=== Project Setup
[info] 
[info] First, let's associate this project directory with a Firebase project.
[info] You can create multiple project aliases by running firebase use --add, 
[info] but for now we'll just set up a default project.
[info] 
[debug] [2023-08-14T09:42:25.262Z] >>> [apiv2][query] GET https://firebase.googleapis.com/v1beta1/projects pageSize=100
[debug] [2023-08-14T09:42:26.323Z] <<< [apiv2][status] GET https://firebase.googleapis.com/v1beta1/projects 200
[debug] [2023-08-14T09:42:26.323Z] <<< [apiv2][body] GET https://firebase.googleapis.com/v1beta1/projects [omitted]
[debug] [2023-08-14T09:46:02.047Z] ----------------------------------------------------------------------
[debug] [2023-08-14T09:46:02.051Z] Command:       C:\Program Files\nodejs\node.exe C:\Users\lenovo\AppData\Roaming\npm\node_modules\firebase-tools\lib\bin\firebase.js init
[debug] [2023-08-14T09:46:02.052Z] CLI Version:   12.4.7
[debug] [2023-08-14T09:46:02.053Z] Platform:      win32
[debug] [2023-08-14T09:46:02.054Z] Node Version:  v18.16.1
[debug] [2023-08-14T09:46:02.055Z] Time:          Mon Aug 14 2023 15:16:02 GMT+0530 (India Standard Time)
[debug] [2023-08-14T09:46:02.056Z] ----------------------------------------------------------------------
[debug] 
[debug] [2023-08-14T09:46:02.071Z] > command requires scopes: ["email","openid","https://www.googleapis.com/auth/cloudplatformprojects.readonly","https://www.googleapis.com/auth/firebase","https://www.googleapis.com/auth/cloud-platform"]
[debug] [2023-08-14T09:46:02.072Z] > authorizing via signed-in user (ak9565191@gmail.com)
[info] 
     ######## #### ########  ######## ########     ###     ######  ########
     ##        ##  ##     ## ##       ##     ##  ##   ##  ##       ##
     ######    ##  ########  ######   ########  #########  ######  ######
     ##        ##  ##    ##  ##       ##     ## ##     ##       ## ##
     ##       #### ##     ## ######## ########  ##     ##  ######  ########

You're about to initialize a Firebase project in this directory:

  C:\Users\lenovo\Desktop\cyber-drops

[info] 
=== Project Setup
[info] 
[info] First, let's associate this project directory with a Firebase project.
[info] You can create multiple project aliases by running firebase use --add, 
[info] but for now we'll just set up a default project.
[info] 
[info] i  If you want to create a project in a Google Cloud organization or folder, please use "firebase projects:create" instead, and return to this command when you've created the project. 
[debug] [2023-08-14T10:20:04.668Z] ----------------------------------------------------------------------
[debug] [2023-08-14T10:20:04.675Z] Command:       C:\Program Files\nodejs\node.exe C:\Users\lenovo\AppData\Roaming\npm\node_modules\firebase-tools\lib\bin\firebase.js init
[debug] [2023-08-14T10:20:04.676Z] CLI Version:   12.4.7
[debug] [2023-08-14T10:20:04.678Z] Platform:      win32
[debug] [2023-08-14T10:20:04.678Z] Node Version:  v18.16.1
[debug] [2023-08-14T10:20:04.696Z] Time:          Mon Aug 14 2023 15:50:04 GMT+0530 (India Standard Time)
[debug] [2023-08-14T10:20:04.697Z] ----------------------------------------------------------------------
[debug] 
[debug] [2023-08-14T10:20:04.719Z] > command requires scopes: ["email","openid","https://www.googleapis.com/auth/cloudplatformprojects.readonly","https://www.googleapis.com/auth/firebase","https://www.googleapis.com/auth/cloud-platform"]
[debug] [2023-08-14T10:20:04.721Z] > authorizing via signed-in user (ak9565191@gmail.com)
[info] 
     ######## #### ########  ######## ########     ###     ######  ########
     ##        ##  ##     ## ##       ##     ##  ##   ##  ##       ##
     ######    ##  ########  ######   ########  #########  ######  ######
     ##        ##  ##    ##  ##       ##     ## ##     ##       ## ##
     ##       #### ##     ## ######## ########  ##     ##  ######  ########

You're about to initialize a Firebase project in this directory:

  C:\Users\lenovo\Desktop\cyber-drops

[info] 
=== Project Setup
[info] 
[info] First, let's associate this project directory with a Firebase project.
[info] You can create multiple project aliases by running firebase use --add, 
[info] but for now we'll just set up a default project.
[info] 
[debug] [2023-08-14T10:20:25.353Z] > refreshing access token with scopes: []
[debug] [2023-08-14T10:20:25.356Z] >>> [apiv2][query] POST https://www.googleapis.com/oauth2/v3/token [none]
[debug] [2023-08-14T10:20:25.356Z] >>> [apiv2][body] POST https://www.googleapis.com/oauth2/v3/token [omitted]
[debug] [2023-08-14T10:20:25.855Z] <<< [apiv2][status] POST https://www.googleapis.com/oauth2/v3/token 200
[debug] [2023-08-14T10:20:25.855Z] <<< [apiv2][body] POST https://www.googleapis.com/oauth2/v3/token [omitted]
[debug] [2023-08-14T10:20:25.884Z] >>> [apiv2][query] GET https://firebase.googleapis.com/v1beta1/projects pageSize=100
[debug] [2023-08-14T10:20:26.783Z] <<< [apiv2][status] GET https://firebase.googleapis.com/v1beta1/projects 200
[debug] [2023-08-14T10:20:26.784Z] <<< [apiv2][body] GET https://firebase.googleapis.com/v1beta1/projects [omitted]
